<?xml version="1.0" encoding="UTF-8"?>
<!-- Generated by org.testng.reporters.JUnitXMLReporter -->
<testsuite ignored="0" hostname="DESKTOP-GI1L974" failures="0" tests="3" name="Smoke test" time="31.262" errors="0" timestamp="07 Apr 2020 20:40:31 GMT">
  <testcase classname="com.weborder.tests.Smoketest" name="smokeTest" time="3.9"/>
  <testcase classname="com.weborder.tests.Smoketest" name="smokeTest" time="3.074"/>
  <testcase classname="com.weborder.tests.Smoketest" name="smokeTest" time="3.102"/>
</testsuite> <!-- Smoke test -->
